{"C:\\Users\\Meltem AKSOY\\Workintech-Repos\\fsweb-s15g4-node-testing-project-2\\knexfile.js": {"path":"C:\\Users\\Meltem AKSOY\\Workintech-Repos\\fsweb-s15g4-node-testing-project-2\\knexfile.js","all":false,"statementMap":{"0":{"start":{"line":1,"column":0},"end":{"line":1,"column":22}},"1":{"start":{"line":2,"column":0},"end":{"line":2,"column":20}},"2":{"start":{"line":3,"column":0},"end":{"line":3,"column":15}},"3":{"start":{"line":4,"column":0},"end":{"line":4,"column":35}},"4":{"start":{"line":5,"column":0},"end":{"line":5,"column":4}},"5":{"start":{"line":6,"column":0},"end":{"line":6,"column":10}},"6":{"start":{"line":7,"column":0},"end":{"line":7,"column":30}},"7":{"start":{"line":8,"column":0},"end":{"line":8,"column":4}},"8":{"start":{"line":9,"column":0},"end":{"line":9,"column":0}},"9":{"start":{"line":10,"column":0},"end":{"line":10,"column":25}},"10":{"start":{"line":11,"column":0},"end":{"line":11,"column":0}},"11":{"start":{"line":12,"column":0},"end":{"line":12,"column":9}},"12":{"start":{"line":13,"column":0},"end":{"line":13,"column":34}},"13":{"start":{"line":14,"column":0},"end":{"line":14,"column":49}},"14":{"start":{"line":15,"column":0},"end":{"line":15,"column":6}},"15":{"start":{"line":16,"column":0},"end":{"line":16,"column":4}},"16":{"start":{"line":17,"column":0},"end":{"line":17,"column":2}},"17":{"start":{"line":18,"column":0},"end":{"line":18,"column":0}},"18":{"start":{"line":19,"column":0},"end":{"line":19,"column":18}},"19":{"start":{"line":20,"column":0},"end":{"line":20,"column":16}},"20":{"start":{"line":21,"column":0},"end":{"line":21,"column":20}},"21":{"start":{"line":22,"column":0},"end":{"line":22,"column":55}},"22":{"start":{"line":23,"column":0},"end":{"line":23,"column":4}},"23":{"start":{"line":24,"column":0},"end":{"line":24,"column":12}},"24":{"start":{"line":25,"column":0},"end":{"line":25,"column":20}},"25":{"start":{"line":26,"column":0},"end":{"line":26,"column":51}},"26":{"start":{"line":27,"column":0},"end":{"line":27,"column":4}},"27":{"start":{"line":28,"column":0},"end":{"line":28,"column":2}}},"s":{"0":1,"1":1,"2":1,"3":1,"4":1,"5":1,"6":1,"7":1,"8":1,"9":1,"10":1,"11":1,"12":1,"13":1,"14":1,"15":1,"16":1,"17":1,"18":1,"19":1,"20":1,"21":1,"22":1,"23":1,"24":1,"25":1,"26":1,"27":1},"branchMap":{"0":{"type":"branch","line":13,"loc":{"start":{"line":13,"column":17},"end":{"line":15,"column":6}},"locations":[{"start":{"line":13,"column":17},"end":{"line":15,"column":6}}]}},"b":{"0":[1]},"fnMap":{"0":{"name":"afterCreate","decl":{"start":{"line":13,"column":17},"end":{"line":15,"column":6}},"loc":{"start":{"line":13,"column":17},"end":{"line":15,"column":6}},"line":13}},"f":{"0":1}}
,"C:\\Users\\Meltem AKSOY\\Workintech-Repos\\fsweb-s15g4-node-testing-project-2\\api\\server.js": {"path":"C:\\Users\\Meltem AKSOY\\Workintech-Repos\\fsweb-s15g4-node-testing-project-2\\api\\server.js","all":false,"statementMap":{"0":{"start":{"line":1,"column":0},"end":{"line":1,"column":35}},"1":{"start":{"line":2,"column":0},"end":{"line":2,"column":50}},"2":{"start":{"line":3,"column":0},"end":{"line":3,"column":48}},"3":{"start":{"line":4,"column":0},"end":{"line":4,"column":0}},"4":{"start":{"line":5,"column":0},"end":{"line":5,"column":25}},"5":{"start":{"line":6,"column":0},"end":{"line":6,"column":0}},"6":{"start":{"line":7,"column":0},"end":{"line":7,"column":27}},"7":{"start":{"line":8,"column":0},"end":{"line":8,"column":37}},"8":{"start":{"line":9,"column":0},"end":{"line":9,"column":36}},"9":{"start":{"line":10,"column":0},"end":{"line":10,"column":0}},"10":{"start":{"line":11,"column":0},"end":{"line":11,"column":24}}},"s":{"0":1,"1":1,"2":1,"3":1,"4":1,"5":1,"6":1,"7":1,"8":1,"9":1,"10":1},"branchMap":{},"b":{},"fnMap":{},"f":{}}
,"C:\\Users\\Meltem AKSOY\\Workintech-Repos\\fsweb-s15g4-node-testing-project-2\\api\\auth\\auth-middleware.js": {"path":"C:\\Users\\Meltem AKSOY\\Workintech-Repos\\fsweb-s15g4-node-testing-project-2\\api\\auth\\auth-middleware.js","all":false,"statementMap":{"0":{"start":{"line":1,"column":0},"end":{"line":1,"column":43}},"1":{"start":{"line":2,"column":0},"end":{"line":2,"column":36}},"2":{"start":{"line":3,"column":0},"end":{"line":3,"column":50}},"3":{"start":{"line":4,"column":0},"end":{"line":4,"column":0}},"4":{"start":{"line":5,"column":0},"end":{"line":5,"column":37}},"5":{"start":{"line":6,"column":0},"end":{"line":6,"column":42}},"6":{"start":{"line":7,"column":0},"end":{"line":7,"column":64}},"7":{"start":{"line":8,"column":0},"end":{"line":8,"column":0}},"8":{"start":{"line":9,"column":0},"end":{"line":9,"column":53}},"9":{"start":{"line":10,"column":0},"end":{"line":10,"column":14}},"10":{"start":{"line":11,"column":0},"end":{"line":11,"column":54}},"11":{"start":{"line":12,"column":0},"end":{"line":12,"column":12}},"12":{"start":{"line":13,"column":0},"end":{"line":13,"column":30}},"13":{"start":{"line":14,"column":0},"end":{"line":14,"column":13}},"14":{"start":{"line":15,"column":0},"end":{"line":15,"column":5}},"15":{"start":{"line":16,"column":0},"end":{"line":16,"column":5}},"16":{"start":{"line":17,"column":0},"end":{"line":17,"column":1}},"17":{"start":{"line":18,"column":0},"end":{"line":18,"column":0}},"18":{"start":{"line":19,"column":0},"end":{"line":19,"column":49}},"19":{"start":{"line":20,"column":0},"end":{"line":20,"column":40}},"20":{"start":{"line":21,"column":0},"end":{"line":21,"column":41}},"21":{"start":{"line":22,"column":0},"end":{"line":22,"column":13}},"22":{"start":{"line":23,"column":0},"end":{"line":23,"column":0}},"23":{"start":{"line":24,"column":0},"end":{"line":24,"column":21}},"24":{"start":{"line":25,"column":0},"end":{"line":25,"column":32}},"25":{"start":{"line":26,"column":0},"end":{"line":26,"column":11}},"26":{"start":{"line":27,"column":0},"end":{"line":27,"column":58}},"27":{"start":{"line":28,"column":0},"end":{"line":28,"column":1}},"28":{"start":{"line":29,"column":0},"end":{"line":29,"column":0}},"29":{"start":{"line":30,"column":0},"end":{"line":30,"column":40}},"30":{"start":{"line":31,"column":0},"end":{"line":31,"column":32}},"31":{"start":{"line":32,"column":0},"end":{"line":32,"column":18}},"32":{"start":{"line":33,"column":0},"end":{"line":33,"column":12}},"33":{"start":{"line":34,"column":0},"end":{"line":34,"column":70}},"34":{"start":{"line":35,"column":0},"end":{"line":35,"column":1}},"35":{"start":{"line":36,"column":0},"end":{"line":36,"column":0}},"36":{"start":{"line":37,"column":0},"end":{"line":37,"column":65}}},"s":{"0":1,"1":1,"2":1,"3":1,"4":0,"5":0,"6":0,"7":0,"8":0,"9":0,"10":0,"11":0,"12":0,"13":0,"14":0,"15":0,"16":0,"17":1,"18":3,"19":3,"20":3,"21":3,"22":3,"23":3,"24":2,"25":2,"26":3,"27":3,"28":1,"29":0,"30":0,"31":0,"32":0,"33":0,"34":0,"35":1,"36":1},"branchMap":{"0":{"type":"branch","line":19,"loc":{"start":{"line":19,"column":0},"end":{"line":28,"column":1}},"locations":[{"start":{"line":19,"column":0},"end":{"line":28,"column":1}}]},"1":{"type":"branch","line":24,"loc":{"start":{"line":24,"column":20},"end":{"line":27,"column":3}},"locations":[{"start":{"line":24,"column":20},"end":{"line":27,"column":3}}]},"2":{"type":"branch","line":27,"loc":{"start":{"line":27,"column":3},"end":{"line":27,"column":58}},"locations":[{"start":{"line":27,"column":3},"end":{"line":27,"column":58}}]}},"b":{"0":[3],"1":[2],"2":[1]},"fnMap":{"0":{"name":"restricted","decl":{"start":{"line":5,"column":0},"end":{"line":17,"column":1}},"loc":{"start":{"line":5,"column":0},"end":{"line":17,"column":1}},"line":5},"1":{"name":"usernameExisting","decl":{"start":{"line":19,"column":0},"end":{"line":28,"column":1}},"loc":{"start":{"line":19,"column":0},"end":{"line":28,"column":1}},"line":19},"2":{"name":"rolenameCheck","decl":{"start":{"line":30,"column":0},"end":{"line":35,"column":1}},"loc":{"start":{"line":30,"column":0},"end":{"line":35,"column":1}},"line":30}},"f":{"0":0,"1":3,"2":0}}
,"C:\\Users\\Meltem AKSOY\\Workintech-Repos\\fsweb-s15g4-node-testing-project-2\\api\\auth\\auth-route.js": {"path":"C:\\Users\\Meltem AKSOY\\Workintech-Repos\\fsweb-s15g4-node-testing-project-2\\api\\auth\\auth-route.js","all":false,"statementMap":{"0":{"start":{"line":1,"column":0},"end":{"line":1,"column":35}},"1":{"start":{"line":2,"column":0},"end":{"line":2,"column":51}},"2":{"start":{"line":3,"column":0},"end":{"line":3,"column":40}},"3":{"start":{"line":4,"column":0},"end":{"line":4,"column":35}},"4":{"start":{"line":5,"column":0},"end":{"line":5,"column":36}},"5":{"start":{"line":6,"column":0},"end":{"line":6,"column":50}},"6":{"start":{"line":7,"column":0},"end":{"line":7,"column":0}},"7":{"start":{"line":8,"column":0},"end":{"line":8,"column":32}},"8":{"start":{"line":9,"column":0},"end":{"line":9,"column":0}},"9":{"start":{"line":10,"column":0},"end":{"line":10,"column":27}},"10":{"start":{"line":11,"column":0},"end":{"line":11,"column":0}},"11":{"start":{"line":12,"column":0},"end":{"line":12,"column":30}},"12":{"start":{"line":13,"column":0},"end":{"line":13,"column":17}},"13":{"start":{"line":14,"column":0},"end":{"line":14,"column":26}},"14":{"start":{"line":15,"column":0},"end":{"line":15,"column":28}},"15":{"start":{"line":16,"column":0},"end":{"line":16,"column":20}},"16":{"start":{"line":17,"column":0},"end":{"line":17,"column":4}},"17":{"start":{"line":18,"column":0},"end":{"line":18,"column":16}},"18":{"start":{"line":19,"column":0},"end":{"line":19,"column":20}},"19":{"start":{"line":20,"column":0},"end":{"line":20,"column":4}},"20":{"start":{"line":21,"column":0},"end":{"line":21,"column":0}},"21":{"start":{"line":22,"column":0},"end":{"line":22,"column":47}},"22":{"start":{"line":23,"column":0},"end":{"line":23,"column":1}},"23":{"start":{"line":24,"column":0},"end":{"line":24,"column":0}},"24":{"start":{"line":25,"column":0},"end":{"line":25,"column":64}},"25":{"start":{"line":26,"column":0},"end":{"line":26,"column":69}},"26":{"start":{"line":27,"column":0},"end":{"line":27,"column":46}},"27":{"start":{"line":28,"column":0},"end":{"line":28,"column":7}},"28":{"start":{"line":29,"column":0},"end":{"line":29,"column":18}},"29":{"start":{"line":30,"column":0},"end":{"line":30,"column":75}},"30":{"start":{"line":31,"column":0},"end":{"line":31,"column":56}},"31":{"start":{"line":32,"column":0},"end":{"line":32,"column":3}},"32":{"start":{"line":33,"column":0},"end":{"line":33,"column":0}},"33":{"start":{"line":34,"column":0},"end":{"line":34,"column":37}},"34":{"start":{"line":35,"column":0},"end":{"line":35,"column":56}},"35":{"start":{"line":36,"column":0},"end":{"line":36,"column":3}},"36":{"start":{"line":37,"column":0},"end":{"line":37,"column":0}},"37":{"start":{"line":38,"column":0},"end":{"line":38,"column":24}}},"s":{"0":1,"1":1,"2":1,"3":1,"4":1,"5":1,"6":1,"7":1,"8":1,"9":1,"10":1,"11":1,"12":1,"13":1,"14":1,"15":1,"16":1,"17":1,"18":1,"19":1,"20":1,"21":1,"22":1,"23":1,"24":1,"25":2,"26":1,"27":1,"28":1,"29":1,"30":1,"31":1,"32":1,"33":1,"34":2,"35":1,"36":1,"37":1},"branchMap":{"0":{"type":"branch","line":12,"loc":{"start":{"line":12,"column":0},"end":{"line":23,"column":1}},"locations":[{"start":{"line":12,"column":0},"end":{"line":23,"column":1}}]},"1":{"type":"branch","line":25,"loc":{"start":{"line":25,"column":43},"end":{"line":32,"column":2}},"locations":[{"start":{"line":25,"column":43},"end":{"line":32,"column":2}}]},"2":{"type":"branch","line":26,"loc":{"start":{"line":26,"column":68},"end":{"line":31,"column":56}},"locations":[{"start":{"line":26,"column":68},"end":{"line":31,"column":56}}]},"3":{"type":"branch","line":34,"loc":{"start":{"line":34,"column":11},"end":{"line":36,"column":2}},"locations":[{"start":{"line":34,"column":11},"end":{"line":36,"column":2}}]}},"b":{"0":[1],"1":[2],"2":[1],"3":[2]},"fnMap":{"0":{"name":"generateToken","decl":{"start":{"line":12,"column":0},"end":{"line":23,"column":1}},"loc":{"start":{"line":12,"column":0},"end":{"line":23,"column":1}},"line":12}},"f":{"0":1}}
,"C:\\Users\\Meltem AKSOY\\Workintech-Repos\\fsweb-s15g4-node-testing-project-2\\api\\secret\\index.js": {"path":"C:\\Users\\Meltem AKSOY\\Workintech-Repos\\fsweb-s15g4-node-testing-project-2\\api\\secret\\index.js","all":false,"statementMap":{"0":{"start":{"line":1,"column":0},"end":{"line":1,"column":27}},"1":{"start":{"line":2,"column":0},"end":{"line":2,"column":0}},"2":{"start":{"line":3,"column":0},"end":{"line":3,"column":18}},"3":{"start":{"line":4,"column":0},"end":{"line":4,"column":46}},"4":{"start":{"line":5,"column":0},"end":{"line":5,"column":2}}},"s":{"0":1,"1":1,"2":1,"3":1,"4":1},"branchMap":{},"b":{},"fnMap":{},"f":{}}
,"C:\\Users\\Meltem AKSOY\\Workintech-Repos\\fsweb-s15g4-node-testing-project-2\\api\\users\\users-middleware.js": {"path":"C:\\Users\\Meltem AKSOY\\Workintech-Repos\\fsweb-s15g4-node-testing-project-2\\api\\users\\users-middleware.js","all":false,"statementMap":{"0":{"start":{"line":1,"column":0},"end":{"line":1,"column":44}},"1":{"start":{"line":2,"column":0},"end":{"line":2,"column":43}},"2":{"start":{"line":3,"column":0},"end":{"line":3,"column":0}},"3":{"start":{"line":4,"column":0},"end":{"line":4,"column":34}},"4":{"start":{"line":5,"column":0},"end":{"line":5,"column":29}},"5":{"start":{"line":6,"column":0},"end":{"line":6,"column":35}},"6":{"start":{"line":7,"column":0},"end":{"line":7,"column":25}},"7":{"start":{"line":8,"column":0},"end":{"line":8,"column":22}},"8":{"start":{"line":9,"column":0},"end":{"line":9,"column":16}},"9":{"start":{"line":10,"column":0},"end":{"line":10,"column":16}},"10":{"start":{"line":11,"column":0},"end":{"line":11,"column":24}},"11":{"start":{"line":12,"column":0},"end":{"line":12,"column":60}},"12":{"start":{"line":13,"column":0},"end":{"line":13,"column":13}},"13":{"start":{"line":14,"column":0},"end":{"line":14,"column":6}},"14":{"start":{"line":15,"column":0},"end":{"line":15,"column":72}},"15":{"start":{"line":16,"column":0},"end":{"line":16,"column":1}},"16":{"start":{"line":17,"column":0},"end":{"line":17,"column":0}},"17":{"start":{"line":18,"column":0},"end":{"line":18,"column":39}},"18":{"start":{"line":19,"column":0},"end":{"line":19,"column":71}},"19":{"start":{"line":20,"column":0},"end":{"line":20,"column":27}},"20":{"start":{"line":21,"column":0},"end":{"line":21,"column":22}},"21":{"start":{"line":22,"column":0},"end":{"line":22,"column":68}},"22":{"start":{"line":23,"column":0},"end":{"line":23,"column":5}},"23":{"start":{"line":24,"column":0},"end":{"line":24,"column":0}},"24":{"start":{"line":25,"column":0},"end":{"line":25,"column":9}},"25":{"start":{"line":26,"column":0},"end":{"line":26,"column":1}},"26":{"start":{"line":27,"column":0},"end":{"line":27,"column":0}},"27":{"start":{"line":28,"column":0},"end":{"line":28,"column":47}},"28":{"start":{"line":29,"column":0},"end":{"line":29,"column":40}},"29":{"start":{"line":30,"column":0},"end":{"line":30,"column":41}},"30":{"start":{"line":31,"column":0},"end":{"line":31,"column":13}},"31":{"start":{"line":32,"column":0},"end":{"line":32,"column":14}},"32":{"start":{"line":33,"column":0},"end":{"line":33,"column":64}},"33":{"start":{"line":34,"column":0},"end":{"line":34,"column":13}},"34":{"start":{"line":35,"column":0},"end":{"line":35,"column":1}},"35":{"start":{"line":36,"column":0},"end":{"line":36,"column":0}},"36":{"start":{"line":37,"column":0},"end":{"line":37,"column":59}}},"s":{"0":1,"1":1,"2":1,"3":0,"4":0,"5":0,"6":0,"7":0,"8":0,"9":0,"10":0,"11":0,"12":0,"13":0,"14":0,"15":0,"16":1,"17":4,"18":4,"19":4,"20":20,"21":20,"22":4,"23":4,"24":4,"25":4,"26":1,"27":2,"28":2,"29":2,"30":2,"31":2,"32":0,"33":2,"34":2,"35":1,"36":1},"branchMap":{"0":{"type":"branch","line":18,"loc":{"start":{"line":18,"column":0},"end":{"line":26,"column":1}},"locations":[{"start":{"line":18,"column":0},"end":{"line":26,"column":1}}]},"1":{"type":"branch","line":20,"loc":{"start":{"line":20,"column":17},"end":{"line":23,"column":3}},"locations":[{"start":{"line":20,"column":17},"end":{"line":23,"column":3}}]},"2":{"type":"branch","line":21,"loc":{"start":{"line":21,"column":19},"end":{"line":22,"column":67}},"locations":[{"start":{"line":21,"column":19},"end":{"line":22,"column":67}}]},"3":{"type":"branch","line":28,"loc":{"start":{"line":28,"column":0},"end":{"line":35,"column":1}},"locations":[{"start":{"line":28,"column":0},"end":{"line":35,"column":1}}]},"4":{"type":"branch","line":33,"loc":{"start":{"line":33,"column":-2},"end":{"line":33,"column":64}},"locations":[{"start":{"line":33,"column":-2},"end":{"line":33,"column":64}}]}},"b":{"0":[4],"1":[20],"2":[2],"3":[2],"4":[0]},"fnMap":{"0":{"name":"checkId","decl":{"start":{"line":4,"column":0},"end":{"line":16,"column":1}},"loc":{"start":{"line":4,"column":0},"end":{"line":16,"column":1}},"line":4},"1":{"name":"checkPayload","decl":{"start":{"line":18,"column":0},"end":{"line":26,"column":1}},"loc":{"start":{"line":18,"column":0},"end":{"line":26,"column":1}},"line":18},"2":{"name":"usernameUnique","decl":{"start":{"line":28,"column":0},"end":{"line":35,"column":1}},"loc":{"start":{"line":28,"column":0},"end":{"line":35,"column":1}},"line":28}},"f":{"0":0,"1":4,"2":2}}
,"C:\\Users\\Meltem AKSOY\\Workintech-Repos\\fsweb-s15g4-node-testing-project-2\\api\\users\\users-model.js": {"path":"C:\\Users\\Meltem AKSOY\\Workintech-Repos\\fsweb-s15g4-node-testing-project-2\\api\\users\\users-model.js","all":false,"statementMap":{"0":{"start":{"line":1,"column":0},"end":{"line":1,"column":43}},"1":{"start":{"line":2,"column":0},"end":{"line":2,"column":0}},"2":{"start":{"line":3,"column":0},"end":{"line":3,"column":29}},"3":{"start":{"line":4,"column":0},"end":{"line":4,"column":34}},"4":{"start":{"line":5,"column":0},"end":{"line":5,"column":38}},"5":{"start":{"line":6,"column":0},"end":{"line":6,"column":53}},"6":{"start":{"line":7,"column":0},"end":{"line":7,"column":33}},"7":{"start":{"line":8,"column":0},"end":{"line":8,"column":38}},"8":{"start":{"line":9,"column":0},"end":{"line":9,"column":23}},"9":{"start":{"line":10,"column":0},"end":{"line":10,"column":29}},"10":{"start":{"line":11,"column":0},"end":{"line":11,"column":69}},"11":{"start":{"line":12,"column":0},"end":{"line":12,"column":7}},"12":{"start":{"line":13,"column":0},"end":{"line":13,"column":0}},"13":{"start":{"line":14,"column":0},"end":{"line":14,"column":18}},"14":{"start":{"line":15,"column":0},"end":{"line":15,"column":28}},"15":{"start":{"line":16,"column":0},"end":{"line":16,"column":30}},"16":{"start":{"line":17,"column":0},"end":{"line":17,"column":24}},"17":{"start":{"line":18,"column":0},"end":{"line":18,"column":43}},"18":{"start":{"line":19,"column":0},"end":{"line":19,"column":6}},"19":{"start":{"line":20,"column":0},"end":{"line":20,"column":18}},"20":{"start":{"line":21,"column":0},"end":{"line":21,"column":5}},"21":{"start":{"line":22,"column":0},"end":{"line":22,"column":18}},"22":{"start":{"line":23,"column":0},"end":{"line":23,"column":1}},"23":{"start":{"line":24,"column":0},"end":{"line":24,"column":0}},"24":{"start":{"line":25,"column":0},"end":{"line":25,"column":25}},"25":{"start":{"line":26,"column":0},"end":{"line":26,"column":28}},"26":{"start":{"line":27,"column":0},"end":{"line":27,"column":1}},"27":{"start":{"line":28,"column":0},"end":{"line":28,"column":0}},"28":{"start":{"line":29,"column":0},"end":{"line":29,"column":33}},"29":{"start":{"line":30,"column":0},"end":{"line":30,"column":37}},"30":{"start":{"line":31,"column":0},"end":{"line":31,"column":36}},"31":{"start":{"line":32,"column":0},"end":{"line":32,"column":46}},"32":{"start":{"line":33,"column":0},"end":{"line":33,"column":7}},"33":{"start":{"line":34,"column":0},"end":{"line":34,"column":0}},"34":{"start":{"line":35,"column":0},"end":{"line":35,"column":22}},"35":{"start":{"line":36,"column":0},"end":{"line":36,"column":1}},"36":{"start":{"line":37,"column":0},"end":{"line":37,"column":0}},"37":{"start":{"line":38,"column":0},"end":{"line":38,"column":25}},"38":{"start":{"line":39,"column":0},"end":{"line":39,"column":20}},"39":{"start":{"line":40,"column":0},"end":{"line":40,"column":32}},"40":{"start":{"line":41,"column":0},"end":{"line":41,"column":17}},"41":{"start":{"line":42,"column":0},"end":{"line":42,"column":25}},"42":{"start":{"line":43,"column":0},"end":{"line":43,"column":34}},"43":{"start":{"line":44,"column":0},"end":{"line":44,"column":7}},"44":{"start":{"line":45,"column":0},"end":{"line":45,"column":0}},"45":{"start":{"line":46,"column":0},"end":{"line":46,"column":22}},"46":{"start":{"line":47,"column":0},"end":{"line":47,"column":1}},"47":{"start":{"line":48,"column":0},"end":{"line":48,"column":0}},"48":{"start":{"line":49,"column":0},"end":{"line":49,"column":47}}},"s":{"0":1,"1":1,"2":5,"3":5,"4":5,"5":5,"6":5,"7":5,"8":18,"9":18,"10":84,"11":18,"12":18,"13":18,"14":18,"15":18,"16":18,"17":18,"18":18,"19":18,"20":5,"21":5,"22":5,"23":1,"24":1,"25":1,"26":1,"27":1,"28":4,"29":4,"30":4,"31":4,"32":4,"33":4,"34":4,"35":4,"36":1,"37":3,"38":3,"39":3,"40":3,"41":3,"42":3,"43":3,"44":3,"45":3,"46":3,"47":1,"48":1},"branchMap":{"0":{"type":"branch","line":3,"loc":{"start":{"line":3,"column":0},"end":{"line":23,"column":1}},"locations":[{"start":{"line":3,"column":0},"end":{"line":23,"column":1}}]},"1":{"type":"branch","line":8,"loc":{"start":{"line":8,"column":28},"end":{"line":21,"column":3}},"locations":[{"start":{"line":8,"column":28},"end":{"line":21,"column":3}}]},"2":{"type":"branch","line":18,"loc":{"start":{"line":18,"column":25},"end":{"line":18,"column":37}},"locations":[{"start":{"line":18,"column":25},"end":{"line":18,"column":37}}]},"3":{"type":"branch","line":18,"loc":{"start":{"line":18,"column":37},"end":{"line":18,"column":43}},"locations":[{"start":{"line":18,"column":37},"end":{"line":18,"column":43}}]},"4":{"type":"branch","line":10,"loc":{"start":{"line":10,"column":19},"end":{"line":12,"column":5}},"locations":[{"start":{"line":10,"column":19},"end":{"line":12,"column":5}}]},"5":{"type":"branch","line":11,"loc":{"start":{"line":11,"column":35},"end":{"line":11,"column":68}},"locations":[{"start":{"line":11,"column":35},"end":{"line":11,"column":68}}]},"6":{"type":"branch","line":25,"loc":{"start":{"line":25,"column":0},"end":{"line":27,"column":1}},"locations":[{"start":{"line":25,"column":0},"end":{"line":27,"column":1}}]},"7":{"type":"branch","line":29,"loc":{"start":{"line":29,"column":0},"end":{"line":36,"column":1}},"locations":[{"start":{"line":29,"column":0},"end":{"line":36,"column":1}}]},"8":{"type":"branch","line":32,"loc":{"start":{"line":32,"column":5},"end":{"line":32,"column":46}},"locations":[{"start":{"line":32,"column":5},"end":{"line":32,"column":46}}]},"9":{"type":"branch","line":38,"loc":{"start":{"line":38,"column":0},"end":{"line":47,"column":1}},"locations":[{"start":{"line":38,"column":0},"end":{"line":47,"column":1}}]},"10":{"type":"branch","line":42,"loc":{"start":{"line":42,"column":11},"end":{"line":44,"column":5}},"locations":[{"start":{"line":42,"column":11},"end":{"line":44,"column":5}}]}},"b":{"0":[5],"1":[18],"2":[10],"3":[8],"4":[84],"5":[23],"6":[1],"7":[4],"8":[15],"9":[3],"10":[3]},"fnMap":{"0":{"name":"adjustInfo","decl":{"start":{"line":3,"column":0},"end":{"line":23,"column":1}},"loc":{"start":{"line":3,"column":0},"end":{"line":23,"column":1}},"line":3},"1":{"name":"getAll","decl":{"start":{"line":25,"column":0},"end":{"line":27,"column":1}},"loc":{"start":{"line":25,"column":0},"end":{"line":27,"column":1}},"line":25},"2":{"name":"getById","decl":{"start":{"line":29,"column":0},"end":{"line":36,"column":1}},"loc":{"start":{"line":29,"column":0},"end":{"line":36,"column":1}},"line":29},"3":{"name":"register","decl":{"start":{"line":38,"column":0},"end":{"line":47,"column":1}},"loc":{"start":{"line":38,"column":0},"end":{"line":47,"column":1}},"line":38}},"f":{"0":5,"1":1,"2":4,"3":3}}
,"C:\\Users\\Meltem AKSOY\\Workintech-Repos\\fsweb-s15g4-node-testing-project-2\\api\\users\\users-route.js": {"path":"C:\\Users\\Meltem AKSOY\\Workintech-Repos\\fsweb-s15g4-node-testing-project-2\\api\\users\\users-route.js","all":false,"statementMap":{"0":{"start":{"line":1,"column":0},"end":{"line":1,"column":35}},"1":{"start":{"line":2,"column":0},"end":{"line":2,"column":44}},"2":{"start":{"line":3,"column":0},"end":{"line":3,"column":41}},"3":{"start":{"line":4,"column":0},"end":{"line":4,"column":29}},"4":{"start":{"line":5,"column":0},"end":{"line":5,"column":35}},"5":{"start":{"line":6,"column":0},"end":{"line":6,"column":47}},"6":{"start":{"line":7,"column":0},"end":{"line":7,"column":0}},"7":{"start":{"line":8,"column":0},"end":{"line":8,"column":32}},"8":{"start":{"line":9,"column":0},"end":{"line":9,"column":0}},"9":{"start":{"line":10,"column":0},"end":{"line":10,"column":27}},"10":{"start":{"line":11,"column":0},"end":{"line":11,"column":19}},"11":{"start":{"line":12,"column":0},"end":{"line":12,"column":0}},"12":{"start":{"line":13,"column":0},"end":{"line":13,"column":72}},"13":{"start":{"line":14,"column":0},"end":{"line":14,"column":21}},"14":{"start":{"line":15,"column":0},"end":{"line":15,"column":55}},"15":{"start":{"line":16,"column":0},"end":{"line":16,"column":72}},"16":{"start":{"line":17,"column":0},"end":{"line":17,"column":3}},"17":{"start":{"line":18,"column":0},"end":{"line":18,"column":0}},"18":{"start":{"line":19,"column":0},"end":{"line":19,"column":52}},"19":{"start":{"line":20,"column":0},"end":{"line":20,"column":35}},"20":{"start":{"line":21,"column":0},"end":{"line":21,"column":55}},"21":{"start":{"line":22,"column":0},"end":{"line":22,"column":72}},"22":{"start":{"line":23,"column":0},"end":{"line":23,"column":3}},"23":{"start":{"line":24,"column":0},"end":{"line":24,"column":0}},"24":{"start":{"line":25,"column":0},"end":{"line":25,"column":74}},"25":{"start":{"line":26,"column":0},"end":{"line":26,"column":53}},"26":{"start":{"line":27,"column":0},"end":{"line":27,"column":27}},"27":{"start":{"line":28,"column":0},"end":{"line":28,"column":31}},"28":{"start":{"line":29,"column":0},"end":{"line":29,"column":55}},"29":{"start":{"line":30,"column":0},"end":{"line":30,"column":72}},"30":{"start":{"line":31,"column":0},"end":{"line":31,"column":3}},"31":{"start":{"line":32,"column":0},"end":{"line":32,"column":0}},"32":{"start":{"line":33,"column":0},"end":{"line":33,"column":37}},"33":{"start":{"line":34,"column":0},"end":{"line":34,"column":56}},"34":{"start":{"line":35,"column":0},"end":{"line":35,"column":3}},"35":{"start":{"line":36,"column":0},"end":{"line":36,"column":0}},"36":{"start":{"line":37,"column":0},"end":{"line":37,"column":24}}},"s":{"0":1,"1":1,"2":1,"3":1,"4":1,"5":1,"6":1,"7":1,"8":1,"9":1,"10":1,"11":1,"12":1,"13":0,"14":0,"15":0,"16":1,"17":1,"18":1,"19":0,"20":0,"21":0,"22":1,"23":1,"24":1,"25":2,"26":2,"27":2,"28":2,"29":2,"30":1,"31":1,"32":1,"33":2,"34":1,"35":1,"36":1},"branchMap":{"0":{"type":"branch","line":25,"loc":{"start":{"line":25,"column":53},"end":{"line":31,"column":2}},"locations":[{"start":{"line":25,"column":53},"end":{"line":31,"column":2}}]},"1":{"type":"branch","line":29,"loc":{"start":{"line":29,"column":11},"end":{"line":29,"column":54}},"locations":[{"start":{"line":29,"column":11},"end":{"line":29,"column":54}}]},"2":{"type":"branch","line":33,"loc":{"start":{"line":33,"column":11},"end":{"line":35,"column":2}},"locations":[{"start":{"line":33,"column":11},"end":{"line":35,"column":2}}]}},"b":{"0":[2],"1":[2],"2":[2]},"fnMap":{},"f":{}}
,"C:\\Users\\Meltem AKSOY\\Workintech-Repos\\fsweb-s15g4-node-testing-project-2\\data\\db-config.js": {"path":"C:\\Users\\Meltem AKSOY\\Workintech-Repos\\fsweb-s15g4-node-testing-project-2\\data\\db-config.js","all":false,"statementMap":{"0":{"start":{"line":1,"column":0},"end":{"line":1,"column":27}},"1":{"start":{"line":2,"column":0},"end":{"line":2,"column":29}},"2":{"start":{"line":3,"column":0},"end":{"line":3,"column":42}},"3":{"start":{"line":4,"column":0},"end":{"line":4,"column":58}},"4":{"start":{"line":5,"column":0},"end":{"line":5,"column":0}},"5":{"start":{"line":6,"column":0},"end":{"line":6,"column":44}}},"s":{"0":1,"1":1,"2":1,"3":1,"4":1,"5":1},"branchMap":{"0":{"type":"branch","line":4,"loc":{"start":{"line":4,"column":40},"end":{"line":4,"column":57}},"locations":[{"start":{"line":4,"column":40},"end":{"line":4,"column":57}}]}},"b":{"0":[0]},"fnMap":{},"f":{}}
,"C:\\Users\\Meltem AKSOY\\Workintech-Repos\\fsweb-s15g4-node-testing-project-2\\data\\migrations\\20230309131722_create-table.js": {"path":"C:\\Users\\Meltem AKSOY\\Workintech-Repos\\fsweb-s15g4-node-testing-project-2\\data\\migrations\\20230309131722_create-table.js","all":false,"statementMap":{"0":{"start":{"line":1,"column":0},"end":{"line":1,"column":3}},"1":{"start":{"line":2,"column":0},"end":{"line":2,"column":38}},"2":{"start":{"line":3,"column":0},"end":{"line":3,"column":29}},"3":{"start":{"line":4,"column":0},"end":{"line":4,"column":3}},"4":{"start":{"line":5,"column":0},"end":{"line":5,"column":30}},"5":{"start":{"line":6,"column":0},"end":{"line":6,"column":20}},"6":{"start":{"line":7,"column":0},"end":{"line":7,"column":36}},"7":{"start":{"line":8,"column":0},"end":{"line":8,"column":32}},"8":{"start":{"line":9,"column":0},"end":{"line":9,"column":57}},"9":{"start":{"line":10,"column":0},"end":{"line":10,"column":44}},"10":{"start":{"line":11,"column":0},"end":{"line":11,"column":40}},"11":{"start":{"line":12,"column":0},"end":{"line":12,"column":43}},"12":{"start":{"line":13,"column":0},"end":{"line":13,"column":46}},"13":{"start":{"line":14,"column":0},"end":{"line":14,"column":6}},"14":{"start":{"line":15,"column":0},"end":{"line":15,"column":36}},"15":{"start":{"line":16,"column":0},"end":{"line":16,"column":32}},"16":{"start":{"line":17,"column":0},"end":{"line":17,"column":43}},"17":{"start":{"line":18,"column":0},"end":{"line":18,"column":41}},"18":{"start":{"line":19,"column":0},"end":{"line":19,"column":9}},"19":{"start":{"line":20,"column":0},"end":{"line":20,"column":27}},"20":{"start":{"line":21,"column":0},"end":{"line":21,"column":19}},"21":{"start":{"line":22,"column":0},"end":{"line":22,"column":30}},"22":{"start":{"line":23,"column":0},"end":{"line":23,"column":25}},"23":{"start":{"line":24,"column":0},"end":{"line":24,"column":28}},"24":{"start":{"line":25,"column":0},"end":{"line":25,"column":29}},"25":{"start":{"line":26,"column":0},"end":{"line":26,"column":7}},"26":{"start":{"line":27,"column":0},"end":{"line":27,"column":2}},"27":{"start":{"line":28,"column":0},"end":{"line":28,"column":0}},"28":{"start":{"line":29,"column":0},"end":{"line":29,"column":3}},"29":{"start":{"line":30,"column":0},"end":{"line":30,"column":38}},"30":{"start":{"line":31,"column":0},"end":{"line":31,"column":29}},"31":{"start":{"line":32,"column":0},"end":{"line":32,"column":3}},"32":{"start":{"line":33,"column":0},"end":{"line":33,"column":32}},"33":{"start":{"line":34,"column":0},"end":{"line":34,"column":75}},"34":{"start":{"line":35,"column":0},"end":{"line":35,"column":2}}},"s":{"0":1,"1":1,"2":1,"3":1,"4":1,"5":1,"6":1,"7":1,"8":1,"9":1,"10":1,"11":1,"12":1,"13":1,"14":1,"15":1,"16":1,"17":1,"18":1,"19":1,"20":1,"21":1,"22":1,"23":1,"24":1,"25":1,"26":1,"27":1,"28":1,"29":1,"30":1,"31":1,"32":1,"33":1,"34":1},"branchMap":{"0":{"type":"branch","line":5,"loc":{"start":{"line":5,"column":13},"end":{"line":27,"column":2}},"locations":[{"start":{"line":5,"column":13},"end":{"line":27,"column":2}}]},"1":{"type":"branch","line":7,"loc":{"start":{"line":7,"column":27},"end":{"line":14,"column":5}},"locations":[{"start":{"line":7,"column":27},"end":{"line":14,"column":5}}]},"2":{"type":"branch","line":15,"loc":{"start":{"line":15,"column":27},"end":{"line":26,"column":5}},"locations":[{"start":{"line":15,"column":27},"end":{"line":26,"column":5}}]},"3":{"type":"branch","line":33,"loc":{"start":{"line":33,"column":15},"end":{"line":35,"column":2}},"locations":[{"start":{"line":33,"column":15},"end":{"line":35,"column":2}}]}},"b":{"0":[1],"1":[1],"2":[1],"3":[1]},"fnMap":{"0":{"name":"Object.<anonymous>.exports.up","decl":{"start":{"line":5,"column":13},"end":{"line":27,"column":2}},"loc":{"start":{"line":5,"column":13},"end":{"line":27,"column":2}},"line":5},"1":{"name":"Object.<anonymous>.exports.down","decl":{"start":{"line":33,"column":15},"end":{"line":35,"column":2}},"loc":{"start":{"line":33,"column":15},"end":{"line":35,"column":2}},"line":33}},"f":{"0":1,"1":1}}
,"C:\\Users\\Meltem AKSOY\\Workintech-Repos\\fsweb-s15g4-node-testing-project-2\\data\\seeds\\00-cleanup.js": {"path":"C:\\Users\\Meltem AKSOY\\Workintech-Repos\\fsweb-s15g4-node-testing-project-2\\data\\seeds\\00-cleanup.js","all":false,"statementMap":{"0":{"start":{"line":1,"column":0},"end":{"line":1,"column":3}},"1":{"start":{"line":2,"column":0},"end":{"line":2,"column":38}},"2":{"start":{"line":3,"column":0},"end":{"line":3,"column":29}},"3":{"start":{"line":4,"column":0},"end":{"line":4,"column":3}},"4":{"start":{"line":5,"column":0},"end":{"line":5,"column":40}},"5":{"start":{"line":6,"column":0},"end":{"line":6,"column":0}},"6":{"start":{"line":7,"column":0},"end":{"line":7,"column":32}},"7":{"start":{"line":8,"column":0},"end":{"line":8,"column":30}},"8":{"start":{"line":9,"column":0},"end":{"line":9,"column":62}},"9":{"start":{"line":10,"column":0},"end":{"line":10,"column":5}},"10":{"start":{"line":11,"column":0},"end":{"line":11,"column":2}}},"s":{"0":1,"1":1,"2":1,"3":1,"4":1,"5":1,"6":1,"7":10,"8":10,"9":10,"10":10},"branchMap":{"0":{"type":"branch","line":7,"loc":{"start":{"line":7,"column":15},"end":{"line":11,"column":2}},"locations":[{"start":{"line":7,"column":15},"end":{"line":11,"column":2}}]}},"b":{"0":[10]},"fnMap":{"0":{"name":"Object.<anonymous>.exports.seed","decl":{"start":{"line":7,"column":15},"end":{"line":11,"column":2}},"loc":{"start":{"line":7,"column":15},"end":{"line":11,"column":2}},"line":7}},"f":{"0":10}}
,"C:\\Users\\Meltem AKSOY\\Workintech-Repos\\fsweb-s15g4-node-testing-project-2\\data\\seeds\\01-users.js": {"path":"C:\\Users\\Meltem AKSOY\\Workintech-Repos\\fsweb-s15g4-node-testing-project-2\\data\\seeds\\01-users.js","all":false,"statementMap":{"0":{"start":{"line":1,"column":0},"end":{"line":1,"column":3}},"1":{"start":{"line":2,"column":0},"end":{"line":2,"column":38}},"2":{"start":{"line":3,"column":0},"end":{"line":3,"column":29}},"3":{"start":{"line":4,"column":0},"end":{"line":4,"column":3}},"4":{"start":{"line":5,"column":0},"end":{"line":5,"column":0}},"5":{"start":{"line":6,"column":0},"end":{"line":6,"column":18}},"6":{"start":{"line":7,"column":0},"end":{"line":7,"column":3}},"7":{"start":{"line":8,"column":0},"end":{"line":8,"column":25}},"8":{"start":{"line":9,"column":0},"end":{"line":9,"column":21}},"9":{"start":{"line":10,"column":0},"end":{"line":10,"column":33}},"10":{"start":{"line":11,"column":0},"end":{"line":11,"column":77}},"11":{"start":{"line":12,"column":0},"end":{"line":12,"column":18}},"12":{"start":{"line":13,"column":0},"end":{"line":13,"column":4}},"13":{"start":{"line":14,"column":0},"end":{"line":14,"column":3}},"14":{"start":{"line":15,"column":0},"end":{"line":15,"column":24}},"15":{"start":{"line":16,"column":0},"end":{"line":16,"column":21}},"16":{"start":{"line":17,"column":0},"end":{"line":17,"column":32}},"17":{"start":{"line":18,"column":0},"end":{"line":18,"column":26}},"18":{"start":{"line":19,"column":0},"end":{"line":19,"column":20}},"19":{"start":{"line":20,"column":0},"end":{"line":20,"column":4}},"20":{"start":{"line":21,"column":0},"end":{"line":21,"column":3}},"21":{"start":{"line":22,"column":0},"end":{"line":22,"column":22}},"22":{"start":{"line":23,"column":0},"end":{"line":23,"column":22}},"23":{"start":{"line":24,"column":0},"end":{"line":24,"column":31}},"24":{"start":{"line":25,"column":0},"end":{"line":25,"column":26}},"25":{"start":{"line":26,"column":0},"end":{"line":26,"column":4}},"26":{"start":{"line":27,"column":0},"end":{"line":27,"column":2}},"27":{"start":{"line":28,"column":0},"end":{"line":28,"column":0}},"28":{"start":{"line":29,"column":0},"end":{"line":29,"column":28}},"29":{"start":{"line":30,"column":0},"end":{"line":30,"column":38}},"30":{"start":{"line":31,"column":0},"end":{"line":31,"column":40}},"31":{"start":{"line":32,"column":0},"end":{"line":32,"column":2}}},"s":{"0":1,"1":1,"2":1,"3":1,"4":1,"5":1,"6":1,"7":1,"8":1,"9":1,"10":1,"11":1,"12":1,"13":1,"14":1,"15":1,"16":1,"17":1,"18":1,"19":1,"20":1,"21":1,"22":1,"23":1,"24":1,"25":1,"26":1,"27":1,"28":1,"29":1,"30":10,"31":10},"branchMap":{"0":{"type":"branch","line":30,"loc":{"start":{"line":30,"column":15},"end":{"line":32,"column":2}},"locations":[{"start":{"line":30,"column":15},"end":{"line":32,"column":2}}]}},"b":{"0":[10]},"fnMap":{"0":{"name":"Object.<anonymous>.exports.seed","decl":{"start":{"line":30,"column":15},"end":{"line":32,"column":2}},"loc":{"start":{"line":30,"column":15},"end":{"line":32,"column":2}},"line":30}},"f":{"0":10}}
,"C:\\Users\\Meltem AKSOY\\Workintech-Repos\\fsweb-s15g4-node-testing-project-2\\data\\seeds\\02-books.js": {"path":"C:\\Users\\Meltem AKSOY\\Workintech-Repos\\fsweb-s15g4-node-testing-project-2\\data\\seeds\\02-books.js","all":false,"statementMap":{"0":{"start":{"line":1,"column":0},"end":{"line":1,"column":3}},"1":{"start":{"line":2,"column":0},"end":{"line":2,"column":38}},"2":{"start":{"line":3,"column":0},"end":{"line":3,"column":29}},"3":{"start":{"line":4,"column":0},"end":{"line":4,"column":3}},"4":{"start":{"line":5,"column":0},"end":{"line":5,"column":18}},"5":{"start":{"line":6,"column":0},"end":{"line":6,"column":3}},"6":{"start":{"line":7,"column":0},"end":{"line":7,"column":38}},"7":{"start":{"line":8,"column":0},"end":{"line":8,"column":28}},"8":{"start":{"line":9,"column":0},"end":{"line":9,"column":15}},"9":{"start":{"line":10,"column":0},"end":{"line":10,"column":4}},"10":{"start":{"line":11,"column":0},"end":{"line":11,"column":3}},"11":{"start":{"line":12,"column":0},"end":{"line":12,"column":35}},"12":{"start":{"line":13,"column":0},"end":{"line":13,"column":30}},"13":{"start":{"line":14,"column":0},"end":{"line":14,"column":15}},"14":{"start":{"line":15,"column":0},"end":{"line":15,"column":4}},"15":{"start":{"line":16,"column":0},"end":{"line":16,"column":3}},"16":{"start":{"line":17,"column":0},"end":{"line":17,"column":23}},"17":{"start":{"line":18,"column":0},"end":{"line":18,"column":36}},"18":{"start":{"line":19,"column":0},"end":{"line":19,"column":15}},"19":{"start":{"line":20,"column":0},"end":{"line":20,"column":4}},"20":{"start":{"line":21,"column":0},"end":{"line":21,"column":2}},"21":{"start":{"line":22,"column":0},"end":{"line":22,"column":0}},"22":{"start":{"line":23,"column":0},"end":{"line":23,"column":28}},"23":{"start":{"line":24,"column":0},"end":{"line":24,"column":38}},"24":{"start":{"line":25,"column":0},"end":{"line":25,"column":40}},"25":{"start":{"line":26,"column":0},"end":{"line":26,"column":2}}},"s":{"0":1,"1":1,"2":1,"3":1,"4":1,"5":1,"6":1,"7":1,"8":1,"9":1,"10":1,"11":1,"12":1,"13":1,"14":1,"15":1,"16":1,"17":1,"18":1,"19":1,"20":1,"21":1,"22":1,"23":1,"24":10,"25":10},"branchMap":{"0":{"type":"branch","line":24,"loc":{"start":{"line":24,"column":15},"end":{"line":26,"column":2}},"locations":[{"start":{"line":24,"column":15},"end":{"line":26,"column":2}}]}},"b":{"0":[10]},"fnMap":{"0":{"name":"Object.<anonymous>.exports.seed","decl":{"start":{"line":24,"column":15},"end":{"line":26,"column":2}},"loc":{"start":{"line":24,"column":15},"end":{"line":26,"column":2}},"line":24}},"f":{"0":10}}
}
