TN:
SF:knexfile.js
FN:13,afterCreate
FNF:1
FNH:1
FNDA:1,afterCreate
DA:1,1
DA:2,1
DA:3,1
DA:4,1
DA:5,1
DA:6,1
DA:7,1
DA:8,1
DA:9,1
DA:10,1
DA:11,1
DA:12,1
DA:13,1
DA:14,1
DA:15,1
DA:16,1
DA:17,1
DA:18,1
DA:19,1
DA:20,1
DA:21,1
DA:22,1
DA:23,1
DA:24,1
DA:25,1
DA:26,1
DA:27,1
DA:28,1
LF:28
LH:28
BRDA:13,0,0,1
BRF:1
BRH:1
end_of_record
TN:
SF:api\server.js
FNF:0
FNH:0
DA:1,1
DA:2,1
DA:3,1
DA:4,1
DA:5,1
DA:6,1
DA:7,1
DA:8,1
DA:9,1
DA:10,1
DA:11,1
LF:11
LH:11
BRF:0
BRH:0
end_of_record
TN:
SF:api\auth\auth-middleware.js
FN:5,restricted
FN:19,usernameExisting
FN:30,rolenameCheck
FNF:3
FNH:1
FNDA:0,restricted
FNDA:3,usernameExisting
FNDA:0,rolenameCheck
DA:1,1
DA:2,1
DA:3,1
DA:4,1
DA:5,0
DA:6,0
DA:7,0
DA:8,0
DA:9,0
DA:10,0
DA:11,0
DA:12,0
DA:13,0
DA:14,0
DA:15,0
DA:16,0
DA:17,0
DA:18,1
DA:19,3
DA:20,3
DA:21,3
DA:22,3
DA:23,3
DA:24,3
DA:25,2
DA:26,2
DA:27,3
DA:28,3
DA:29,1
DA:30,0
DA:31,0
DA:32,0
DA:33,0
DA:34,0
DA:35,0
DA:36,1
DA:37,1
LF:37
LH:18
BRDA:19,0,0,3
BRDA:24,1,0,2
BRDA:27,2,0,1
BRF:3
BRH:3
end_of_record
TN:
SF:api\auth\auth-route.js
FN:12,generateToken
FNF:1
FNH:1
FNDA:1,generateToken
DA:1,1
DA:2,1
DA:3,1
DA:4,1
DA:5,1
DA:6,1
DA:7,1
DA:8,1
DA:9,1
DA:10,1
DA:11,1
DA:12,1
DA:13,1
DA:14,1
DA:15,1
DA:16,1
DA:17,1
DA:18,1
DA:19,1
DA:20,1
DA:21,1
DA:22,1
DA:23,1
DA:24,1
DA:25,1
DA:26,2
DA:27,1
DA:28,1
DA:29,1
DA:30,1
DA:31,1
DA:32,1
DA:33,1
DA:34,1
DA:35,2
DA:36,1
DA:37,1
DA:38,1
LF:38
LH:38
BRDA:12,0,0,1
BRDA:25,1,0,2
BRDA:26,2,0,1
BRDA:34,3,0,2
BRF:4
BRH:4
end_of_record
TN:
SF:api\secret\index.js
FNF:0
FNH:0
DA:1,1
DA:2,1
DA:3,1
DA:4,1
DA:5,1
LF:5
LH:5
BRF:0
BRH:0
end_of_record
TN:
SF:api\users\users-middleware.js
FN:4,checkId
FN:18,checkPayload
FN:28,usernameUnique
FNF:3
FNH:2
FNDA:0,checkId
FNDA:4,checkPayload
FNDA:2,usernameUnique
DA:1,1
DA:2,1
DA:3,1
DA:4,0
DA:5,0
DA:6,0
DA:7,0
DA:8,0
DA:9,0
DA:10,0
DA:11,0
DA:12,0
DA:13,0
DA:14,0
DA:15,0
DA:16,0
DA:17,1
DA:18,4
DA:19,4
DA:20,4
DA:21,20
DA:22,20
DA:23,4
DA:24,4
DA:25,4
DA:26,4
DA:27,1
DA:28,2
DA:29,2
DA:30,2
DA:31,2
DA:32,2
DA:33,0
DA:34,2
DA:35,2
DA:36,1
DA:37,1
LF:37
LH:23
BRDA:18,0,0,4
BRDA:20,1,0,20
BRDA:21,2,0,2
BRDA:28,3,0,2
BRDA:33,4,0,0
BRF:5
BRH:4
end_of_record
TN:
SF:api\users\users-model.js
FN:3,adjustInfo
FN:25,getAll
FN:29,getById
FN:38,register
FNF:4
FNH:4
FNDA:5,adjustInfo
FNDA:1,getAll
FNDA:4,getById
FNDA:3,register
DA:1,1
DA:2,1
DA:3,5
DA:4,5
DA:5,5
DA:6,5
DA:7,5
DA:8,5
DA:9,18
DA:10,18
DA:11,84
DA:12,18
DA:13,18
DA:14,18
DA:15,18
DA:16,18
DA:17,18
DA:18,18
DA:19,18
DA:20,18
DA:21,5
DA:22,5
DA:23,5
DA:24,1
DA:25,1
DA:26,1
DA:27,1
DA:28,1
DA:29,4
DA:30,4
DA:31,4
DA:32,4
DA:33,4
DA:34,4
DA:35,4
DA:36,4
DA:37,1
DA:38,3
DA:39,3
DA:40,3
DA:41,3
DA:42,3
DA:43,3
DA:44,3
DA:45,3
DA:46,3
DA:47,3
DA:48,1
DA:49,1
LF:49
LH:49
BRDA:3,0,0,5
BRDA:8,1,0,18
BRDA:18,2,0,10
BRDA:18,3,0,8
BRDA:10,4,0,84
BRDA:11,5,0,23
BRDA:25,6,0,1
BRDA:29,7,0,4
BRDA:32,8,0,15
BRDA:38,9,0,3
BRDA:42,10,0,3
BRF:11
BRH:11
end_of_record
TN:
SF:api\users\users-route.js
FNF:0
FNH:0
DA:1,1
DA:2,1
DA:3,1
DA:4,1
DA:5,1
DA:6,1
DA:7,1
DA:8,1
DA:9,1
DA:10,1
DA:11,1
DA:12,1
DA:13,1
DA:14,0
DA:15,0
DA:16,0
DA:17,1
DA:18,1
DA:19,1
DA:20,0
DA:21,0
DA:22,0
DA:23,1
DA:24,1
DA:25,1
DA:26,2
DA:27,2
DA:28,2
DA:29,2
DA:30,2
DA:31,1
DA:32,1
DA:33,1
DA:34,2
DA:35,1
DA:36,1
DA:37,1
LF:37
LH:31
BRDA:25,0,0,2
BRDA:29,1,0,2
BRDA:33,2,0,2
BRF:3
BRH:3
end_of_record
TN:
SF:data\db-config.js
FNF:0
FNH:0
DA:1,1
DA:2,1
DA:3,1
DA:4,1
DA:5,1
DA:6,1
LF:6
LH:6
BRDA:4,0,0,0
BRF:1
BRH:0
end_of_record
TN:
SF:data\migrations\20230309131722_create-table.js
FN:5,Object.<anonymous>.exports.up
FN:33,Object.<anonymous>.exports.down
FNF:2
FNH:2
FNDA:1,Object.<anonymous>.exports.up
FNDA:1,Object.<anonymous>.exports.down
DA:1,1
DA:2,1
DA:3,1
DA:4,1
DA:5,1
DA:6,1
DA:7,1
DA:8,1
DA:9,1
DA:10,1
DA:11,1
DA:12,1
DA:13,1
DA:14,1
DA:15,1
DA:16,1
DA:17,1
DA:18,1
DA:19,1
DA:20,1
DA:21,1
DA:22,1
DA:23,1
DA:24,1
DA:25,1
DA:26,1
DA:27,1
DA:28,1
DA:29,1
DA:30,1
DA:31,1
DA:32,1
DA:33,1
DA:34,1
DA:35,1
LF:35
LH:35
BRDA:5,0,0,1
BRDA:7,1,0,1
BRDA:15,2,0,1
BRDA:33,3,0,1
BRF:4
BRH:4
end_of_record
TN:
SF:data\seeds\00-cleanup.js
FN:7,Object.<anonymous>.exports.seed
FNF:1
FNH:1
FNDA:10,Object.<anonymous>.exports.seed
DA:1,1
DA:2,1
DA:3,1
DA:4,1
DA:5,1
DA:6,1
DA:7,1
DA:8,10
DA:9,10
DA:10,10
DA:11,10
LF:11
LH:11
BRDA:7,0,0,10
BRF:1
BRH:1
end_of_record
TN:
SF:data\seeds\01-users.js
FN:30,Object.<anonymous>.exports.seed
FNF:1
FNH:1
FNDA:10,Object.<anonymous>.exports.seed
DA:1,1
DA:2,1
DA:3,1
DA:4,1
DA:5,1
DA:6,1
DA:7,1
DA:8,1
DA:9,1
DA:10,1
DA:11,1
DA:12,1
DA:13,1
DA:14,1
DA:15,1
DA:16,1
DA:17,1
DA:18,1
DA:19,1
DA:20,1
DA:21,1
DA:22,1
DA:23,1
DA:24,1
DA:25,1
DA:26,1
DA:27,1
DA:28,1
DA:29,1
DA:30,1
DA:31,10
DA:32,10
LF:32
LH:32
BRDA:30,0,0,10
BRF:1
BRH:1
end_of_record
TN:
SF:data\seeds\02-books.js
FN:24,Object.<anonymous>.exports.seed
FNF:1
FNH:1
FNDA:10,Object.<anonymous>.exports.seed
DA:1,1
DA:2,1
DA:3,1
DA:4,1
DA:5,1
DA:6,1
DA:7,1
DA:8,1
DA:9,1
DA:10,1
DA:11,1
DA:12,1
DA:13,1
DA:14,1
DA:15,1
DA:16,1
DA:17,1
DA:18,1
DA:19,1
DA:20,1
DA:21,1
DA:22,1
DA:23,1
DA:24,1
DA:25,10
DA:26,10
LF:26
LH:26
BRDA:24,0,0,10
BRF:1
BRH:1
end_of_record
